  DataTypeHandler.cpp
  Device.cpp
  DirectInput.cpp
  C:\Program Files (x86)\Windows Kits\10\Include\10.0.18362.0\um\dinput.h: DIRECTINPUT_VERSION undefined. Defaulting to version 0x0800
  DirectX.cpp
C:\Users\DELL\Documents\TvT\UIT\SE102.L21\Project\Mr.Gimmick\Mr.Gimmick\DirectXGraphic.h(2,10): fatal error C1083: Cannot open include file: 'd3dx9.h': No such file or directory
  DirectXGraphic.cpp
C:\Users\DELL\Documents\TvT\UIT\SE102.L21\Project\Mr.Gimmick\Mr.Gimmick\DirectXGraphic.h(2,10): fatal error C1083: Cannot open include file: 'd3dx9.h': No such file or directory
  FileHandler.cpp
  Game.cpp
C:\Users\DELL\Documents\TvT\UIT\SE102.L21\Project\Mr.Gimmick\Mr.Gimmick\Game.h(1,10): fatal error C1083: Cannot open include file: 'd3dx9math.h': No such file or directory
  GameObj.cpp
  GraphicDevice.cpp
  Handler.cpp
  Image.cpp
  ImmovableObj.cpp
  InputDevice.cpp
  C:\Program Files (x86)\Windows Kits\10\Include\10.0.18362.0\um\dinput.h: DIRECTINPUT_VERSION undefined. Defaulting to version 0x0800
  IOHandler.cpp
  Keyboard.cpp
  C:\Program Files (x86)\Windows Kits\10\Include\10.0.18362.0\um\dinput.h: DIRECTINPUT_VERSION undefined. Defaulting to version 0x0800
  main.cpp
C:\Users\DELL\Documents\TvT\UIT\SE102.L21\Project\Mr.Gimmick\Mr.Gimmick\Game.h(1,10): fatal error C1083: Cannot open include file: 'd3dx9math.h': No such file or directory
  Map.cpp
  Mouse.cpp
  C:\Program Files (x86)\Windows Kits\10\Include\10.0.18362.0\um\dinput.h: DIRECTINPUT_VERSION undefined. Defaulting to version 0x0800
  MovableObj.cpp
  PlayableObj.cpp
  Generating Code...
  Compiling...
  Sprite.cpp
  Tile.cpp
  Tilemap.cpp
  Tileset.cpp
  Yumetaro.cpp
  Generating Code...
